Whatsapp_Clone/ParseStarterProject/build/intermediates/manifest_merge_blame_file/debug/manifest-merger-blame-debug-report.txt
1<?xml version="1.0" encoding="utf-8"?>
2<manifest xmlns:android="http://schemas.android.com/apk/res/android"
3    package="com.parse.starter"
4    android:versionCode="1"
5    android:versionName="1.0" >
6
7    <uses-sdk
8        android:minSdkVersion="16"
8-->src/main/AndroidManifest.xml
9        android:targetSdkVersion="23" />
9-->src/main/AndroidManifest.xml
10
11    <uses-permission android:name="android.permission.INTERNET" />
11-->src/main/AndroidManifest.xml:5:5-67
11-->src/main/AndroidManifest.xml:5:22-64
12    <uses-permission android:name="android.permission.ACCESS_NETWORK_STATE" />
12-->src/main/AndroidManifest.xml:6:5-79
12-->src/main/AndroidManifest.xml:6:22-76
13    <uses-permission android:name="android.permission.READ_EXTERNAL_STORAGE" />
13-->src/main/AndroidManifest.xml:7:5-80
13-->src/main/AndroidManifest.xml:7:22-77
14    <uses-permission android:name="android.permission.ACCESS_FINE_LOCATION" />
14-->src/main/AndroidManifest.xml:8:5-79
14-->src/main/AndroidManifest.xml:8:22-76
15
16    <!-- Optional permission for Analytics to run. -->
17    <uses-permission android:name="android.permission.WAKE_LOCK" /> <!-- Permissions required for GCM -->
17-->[com.google.android.gms:play-services-analytics:9.4.0] AndroidManifest.xml:25:5-67
17-->[com.google.android.gms:play-services-analytics:9.4.0] AndroidManifest.xml:25:22-65
18    <uses-permission android:name="com.google.android.c2dm.permission.RECEIVE" />
18-->[com.google.android.gms:play-services-gcm:9.4.0] AndroidManifest.xml:21:5-82
18-->[com.google.android.gms:play-services-gcm:9.4.0] AndroidManifest.xml:21:22-79
19
20    <uses-feature
20-->[com.google.android.gms:play-services-maps:9.4.0] AndroidManifest.xml:22:5-24:33
21        android:glEsVersion="0x00020000"
21-->[com.google.android.gms:play-services-maps:9.4.0] AndroidManifest.xml:23:8-40
22        android:required="true" />
22-->[com.google.android.gms:play-services-maps:9.4.0] AndroidManifest.xml:24:8-31
23
24    <permission
24-->[com.google.firebase:firebase-iid:9.4.0] AndroidManifest.xml:25:5-26:47
25        android:name="com.parse.starter.permission.C2D_MESSAGE"
25-->[com.google.firebase:firebase-iid:9.4.0] AndroidManifest.xml:25:17-71
26        android:protectionLevel="signature" />
26-->[com.google.firebase:firebase-iid:9.4.0] AndroidManifest.xml:26:9-44
27
28    <uses-permission android:name="com.parse.starter.permission.C2D_MESSAGE" />
28-->[com.google.firebase:firebase-iid:9.4.0] AndroidManifest.xml:28:5-79
28-->[com.google.firebase:firebase-iid:9.4.0] AndroidManifest.xml:28:22-76
29
30    <application
30-->src/main/AndroidManifest.xml:10:5-27:19
31        android:name="com.parse.starter.StarterApplication"
31-->src/main/AndroidManifest.xml:11:9-43
32        android:allowBackup="true"
32-->src/main/AndroidManifest.xml:12:9-35
33        android:debuggable="true"
34        android:icon="@mipmap/ic_launcher"
34-->src/main/AndroidManifest.xml:13:9-43
35        android:label="@string/app_name"
35-->src/main/AndroidManifest.xml:14:9-41
36        android:theme="@style/AppTheme" >
36-->src/main/AndroidManifest.xml:15:9-40
37        <activity android:name="com.parse.starter.ChatActivity" />
37-->src/main/AndroidManifest.xml:16:9-59
37-->src/main/AndroidManifest.xml:16:19-47
38        <activity android:name="com.parse.starter.UserListActivity" />
38-->src/main/AndroidManifest.xml:17:9-54
38-->src/main/AndroidManifest.xml:17:19-51
39        <activity
39-->src/main/AndroidManifest.xml:18:9-26:20
40            android:name="com.parse.starter.MainActivity"
40-->src/main/AndroidManifest.xml:19:13-41
41            android:label="@string/app_name" >
41-->src/main/AndroidManifest.xml:20:13-45
42            <intent-filter>
42-->src/main/AndroidManifest.xml:21:13-25:29
43                <action android:name="android.intent.action.MAIN" />
43-->src/main/AndroidManifest.xml:22:17-69
43-->src/main/AndroidManifest.xml:22:25-66
44
45                <category android:name="android.intent.category.LAUNCHER" />
45-->src/main/AndroidManifest.xml:24:17-77
45-->src/main/AndroidManifest.xml:24:27-74
46            </intent-filter>
47        </activity>
48
49        <receiver android:name="com.google.android.gms.cast.framework.media.MediaIntentReceiver" />
49-->[com.google.android.gms:play-services-cast-framework:9.4.0] AndroidManifest.xml:6:9-100
49-->[com.google.android.gms:play-services-cast-framework:9.4.0] AndroidManifest.xml:6:19-97
50
51        <service android:name="com.google.android.gms.cast.framework.media.MediaNotificationService" />
51-->[com.google.android.gms:play-services-cast-framework:9.4.0] AndroidManifest.xml:7:9-104
51-->[com.google.android.gms:play-services-cast-framework:9.4.0] AndroidManifest.xml:7:18-101
52        <service android:name="com.google.android.gms.cast.framework.ReconnectionService" /> <!-- Include the AdActivity and InAppPurchaseActivity configChanges and themes. -->
52-->[com.google.android.gms:play-services-cast-framework:9.4.0] AndroidManifest.xml:8:9-92
52-->[com.google.android.gms:play-services-cast-framework:9.4.0] AndroidManifest.xml:8:18-90
53        <activity
53-->[com.google.android.gms:play-services-ads-lite:9.4.0] AndroidManifest.xml:26:9-29:64
54            android:name="com.google.android.gms.ads.AdActivity"
54-->[com.google.android.gms:play-services-ads-lite:9.4.0] AndroidManifest.xml:27:13-65
55            android:configChanges="keyboard|keyboardHidden|orientation|screenLayout|uiMode|screenSize|smallestScreenSize"
55-->[com.google.android.gms:play-services-ads-lite:9.4.0] AndroidManifest.xml:28:13-122
56            android:theme="@android:style/Theme.Translucent" />
56-->[com.google.android.gms:play-services-ads-lite:9.4.0] AndroidManifest.xml:29:13-61
57        <activity
57-->[com.google.android.gms:play-services-ads-lite:9.4.0] AndroidManifest.xml:30:9-31:52
58            android:name="com.google.android.gms.ads.purchase.InAppPurchaseActivity"
58-->[com.google.android.gms:play-services-ads-lite:9.4.0] AndroidManifest.xml:30:19-91
59            android:theme="@style/Theme.IAPTheme" />
59-->[com.google.android.gms:play-services-ads-lite:9.4.0] AndroidManifest.xml:31:13-50
60        <activity
60-->[com.google.android.gms:play-services-appinvite:9.4.0] AndroidManifest.xml:21:9-29:20
61            android:name="com.google.android.gms.appinvite.PreviewActivity"
61-->[com.google.android.gms:play-services-appinvite:9.4.0] AndroidManifest.xml:22:17-48
62            android:exported="true"
62-->[com.google.android.gms:play-services-appinvite:9.4.0] AndroidManifest.xml:23:17-40
63            android:theme="@style/Theme.AppInvite.Preview" >
63-->[com.google.android.gms:play-services-appinvite:9.4.0] AndroidManifest.xml:24:17-63
64            <intent-filter>
64-->[com.google.android.gms:play-services-appinvite:9.4.0] AndroidManifest.xml:25:13-28:29
65                <action android:name="com.google.android.gms.appinvite.ACTION_PREVIEW" />
65-->[com.google.android.gms:play-services-appinvite:9.4.0] AndroidManifest.xml:26:17-89
65-->[com.google.android.gms:play-services-appinvite:9.4.0] AndroidManifest.xml:26:25-87
66
67                <category android:name="android.intent.category.DEFAULT" />
67-->[com.google.android.gms:play-services-appinvite:9.4.0] AndroidManifest.xml:27:17-75
67-->[com.google.android.gms:play-services-appinvite:9.4.0] AndroidManifest.xml:27:27-73
68            </intent-filter>
69        </activity>
70        <activity
70-->[com.google.android.gms:play-services-auth:9.4.0] AndroidManifest.xml:21:9-24:46
71            android:name="com.google.android.gms.auth.api.signin.internal.SignInHubActivity"
71-->[com.google.android.gms:play-services-auth:9.4.0] AndroidManifest.xml:21:19-68
72            android:excludeFromRecents="true"
72-->[com.google.android.gms:play-services-auth:9.4.0] AndroidManifest.xml:23:19-52
73            android:exported="false"
73-->[com.google.android.gms:play-services-auth:9.4.0] AndroidManifest.xml:24:19-43
74            android:theme="@android:style/Theme.Translucent.NoTitleBar" />
74-->[com.google.android.gms:play-services-auth:9.4.0] AndroidManifest.xml:22:19-78
75        <!--
76Service handling Google Sign-In user revocation. For apps that do not integrate with
77            Google Sign-In, this service will never be started.
78        -->
79        <service
79-->[com.google.android.gms:play-services-auth:9.4.0] AndroidManifest.xml:28:9-31:110
80            android:name="com.google.android.gms.auth.api.signin.RevocationBoundService"
80-->[com.google.android.gms:play-services-auth:9.4.0] AndroidManifest.xml:29:13-58
81            android:exported="true"
81-->[com.google.android.gms:play-services-auth:9.4.0] AndroidManifest.xml:30:13-36
82            android:permission="com.google.android.gms.auth.api.signin.permission.REVOCATION_NOTIFICATION" />
82-->[com.google.android.gms:play-services-auth:9.4.0] AndroidManifest.xml:31:13-107
83        <service
83-->[com.google.firebase:firebase-crash:9.4.0] AndroidManifest.xml:26:9-27:50
84            android:name="com.google.firebase.crash.internal.service.FirebaseCrashReceiverService"
84-->[com.google.firebase:firebase-crash:9.4.0] AndroidManifest.xml:26:18-79
85            android:process=":background_crash" />
85-->[com.google.firebase:firebase-crash:9.4.0] AndroidManifest.xml:27:13-48
86        <service
86-->[com.google.firebase:firebase-crash:9.4.0] AndroidManifest.xml:29:9-30:50
87            android:name="com.google.firebase.crash.internal.service.FirebaseCrashSenderService"
87-->[com.google.firebase:firebase-crash:9.4.0] AndroidManifest.xml:29:18-77
88            android:process=":background_crash" />
88-->[com.google.firebase:firebase-crash:9.4.0] AndroidManifest.xml:30:13-48
89
90        <activity
90-->[com.google.android.gms:play-services-base:9.4.0] AndroidManifest.xml:20:9-22:45
91            android:name="com.google.android.gms.common.api.GoogleApiActivity"
91-->[com.google.android.gms:play-services-base:9.4.0] AndroidManifest.xml:20:19-85
92            android:exported="false"
92-->[com.google.android.gms:play-services-base:9.4.0] AndroidManifest.xml:22:19-43
93            android:theme="@android:style/Theme.Translucent.NoTitleBar" />
93-->[com.google.android.gms:play-services-base:9.4.0] AndroidManifest.xml:21:19-78
94        <!--
95 FirebaseMessagingService performs security checks at runtime,
96             no need for explicit permissions despite exported="true"
97        -->
98        <service
98-->[com.google.firebase:firebase-messaging:9.4.0] AndroidManifest.xml:24:9-30:19
99            android:name="com.google.firebase.messaging.FirebaseMessagingService"
99-->[com.google.firebase:firebase-messaging:9.4.0] AndroidManifest.xml:25:13-82
100            android:exported="true" >
100-->[com.google.firebase:firebase-messaging:9.4.0] AndroidManifest.xml:26:13-36
101            <intent-filter android:priority="-500" >
101-->[com.google.firebase:firebase-messaging:9.4.0] AndroidManifest.xml:27:13-29:29
101-->[com.google.firebase:firebase-messaging:9.4.0] AndroidManifest.xml:27:28-51
102                <action android:name="com.google.firebase.MESSAGING_EVENT" />
102-->[com.google.firebase:firebase-messaging:9.4.0] AndroidManifest.xml:28:17-78
102-->[com.google.firebase:firebase-messaging:9.4.0] AndroidManifest.xml:28:25-75
103            </intent-filter>
104        </service>
105        <service
105-->[com.google.android.gms:play-services-tagmanager-api:9.4.0] AndroidManifest.xml:25:9-27:42
106            android:name="com.google.android.gms.tagmanager.TagManagerService"
106-->[com.google.android.gms:play-services-tagmanager-api:9.4.0] AndroidManifest.xml:25:18-84
107            android:enabled="true"
107-->[com.google.android.gms:play-services-tagmanager-api:9.4.0] AndroidManifest.xml:27:17-39
108            android:exported="false" />
108-->[com.google.android.gms:play-services-tagmanager-api:9.4.0] AndroidManifest.xml:26:17-41
109
110        <activity
110-->[com.google.android.gms:play-services-tagmanager-api:9.4.0] AndroidManifest.xml:28:9-37:20
111            android:name="com.google.android.gms.tagmanager.TagManagerPreviewActivity"
111-->[com.google.android.gms:play-services-tagmanager-api:9.4.0] AndroidManifest.xml:29:13-87
112            android:noHistory="true" > <!-- optional, removes the previewActivity from the activity stack. -->
112-->[com.google.android.gms:play-services-tagmanager-api:9.4.0] AndroidManifest.xml:30:13-37
113            <intent-filter>
113-->[com.google.android.gms:play-services-tagmanager-api:9.4.0] AndroidManifest.xml:31:13-36:29
114                <data android:scheme="tagmanager.c.com.parse.starter" />
114-->[com.google.android.gms:play-services-tagmanager-api:9.4.0] AndroidManifest.xml:32:17-72
114-->[com.google.android.gms:play-services-tagmanager-api:9.4.0] AndroidManifest.xml:32:23-69
115
116                <action android:name="android.intent.action.VIEW" />
116-->[com.google.android.gms:play-services-tagmanager-api:9.4.0] AndroidManifest.xml:33:17-69
116-->[com.google.android.gms:play-services-tagmanager-api:9.4.0] AndroidManifest.xml:33:25-66
117
118                <category android:name="android.intent.category.DEFAULT" />
118-->[com.google.android.gms:play-services-appinvite:9.4.0] AndroidManifest.xml:27:17-75
118-->[com.google.android.gms:play-services-appinvite:9.4.0] AndroidManifest.xml:27:27-73
119                <category android:name="android.intent.category.BROWSABLE" />
119-->[com.google.android.gms:play-services-tagmanager-api:9.4.0] AndroidManifest.xml:35:17-77
119-->[com.google.android.gms:play-services-tagmanager-api:9.4.0] AndroidManifest.xml:35:27-75
120            </intent-filter>
121        </activity>
122
123        <receiver
123-->[com.google.firebase:firebase-analytics:9.4.0] AndroidManifest.xml:28:7-34:18
124            android:name="com.google.android.gms.measurement.AppMeasurementReceiver"
124-->[com.google.firebase:firebase-analytics:9.4.0] AndroidManifest.xml:29:11-83
125            android:enabled="true" >
125-->[com.google.firebase:firebase-analytics:9.4.0] AndroidManifest.xml:30:11-33
126            <intent-filter>
126-->[com.google.firebase:firebase-analytics:9.4.0] AndroidManifest.xml:31:9-33:25
127                <action android:name="com.google.android.gms.measurement.UPLOAD" />
127-->[com.google.firebase:firebase-analytics:9.4.0] AndroidManifest.xml:32:11-77
127-->[com.google.firebase:firebase-analytics:9.4.0] AndroidManifest.xml:32:19-75
128            </intent-filter>
129        </receiver>
130
131        <service
131-->[com.google.firebase:firebase-analytics:9.4.0] AndroidManifest.xml:36:7-39:37
132            android:name="com.google.android.gms.measurement.AppMeasurementService"
132-->[com.google.firebase:firebase-analytics:9.4.0] AndroidManifest.xml:37:11-82
133            android:enabled="true"
133-->[com.google.firebase:firebase-analytics:9.4.0] AndroidManifest.xml:38:11-33
134            android:exported="false" />
134-->[com.google.firebase:firebase-analytics:9.4.0] AndroidManifest.xml:39:11-35
135
136        <receiver
136-->[com.google.firebase:firebase-iid:9.4.0] AndroidManifest.xml:32:9-41:20
137            android:name="com.google.firebase.iid.FirebaseInstanceIdReceiver"
137-->[com.google.firebase:firebase-iid:9.4.0] AndroidManifest.xml:33:13-78
138            android:exported="true"
138-->[com.google.firebase:firebase-iid:9.4.0] AndroidManifest.xml:34:13-36
139            android:permission="com.google.android.c2dm.permission.SEND" >
139-->[com.google.firebase:firebase-iid:9.4.0] AndroidManifest.xml:35:13-73
140            <intent-filter>
140-->[com.google.firebase:firebase-iid:9.4.0] AndroidManifest.xml:36:13-40:29
141                <action android:name="com.google.android.c2dm.intent.RECEIVE" />
141-->[com.google.firebase:firebase-iid:9.4.0] AndroidManifest.xml:37:17-81
141-->[com.google.firebase:firebase-iid:9.4.0] AndroidManifest.xml:37:25-78
142                <action android:name="com.google.android.c2dm.intent.REGISTRATION" />
142-->[com.google.firebase:firebase-iid:9.4.0] AndroidManifest.xml:38:17-86
142-->[com.google.firebase:firebase-iid:9.4.0] AndroidManifest.xml:38:25-83
143
144                <category android:name="com.parse.starter" />
144-->[com.google.firebase:firebase-iid:9.4.0] AndroidManifest.xml:39:17-61
144-->[com.google.firebase:firebase-iid:9.4.0] AndroidManifest.xml:39:27-58
145            </intent-filter>
146        </receiver>
147        <!--
148 Internal (not exported) receiver used by the app to start its own exported services
149             without risk of being spoofed.
150        -->
151        <receiver
151-->[com.google.firebase:firebase-iid:9.4.0] AndroidManifest.xml:45:9-47:40
152            android:name="com.google.firebase.iid.FirebaseInstanceIdInternalReceiver"
152-->[com.google.firebase:firebase-iid:9.4.0] AndroidManifest.xml:46:13-86
153            android:exported="false" />
153-->[com.google.firebase:firebase-iid:9.4.0] AndroidManifest.xml:47:13-37
154        <!--
155 FirebaseInstanceIdService performs security checks at runtime,
156             no need for explicit permissions despite exported="true"
157        -->
158        <service
158-->[com.google.firebase:firebase-iid:9.4.0] AndroidManifest.xml:51:9-57:19
159            android:name="com.google.firebase.iid.FirebaseInstanceIdService"
159-->[com.google.firebase:firebase-iid:9.4.0] AndroidManifest.xml:52:13-77
160            android:exported="true" >
160-->[com.google.firebase:firebase-iid:9.4.0] AndroidManifest.xml:53:13-36
161            <intent-filter android:priority="-500" >
161-->[com.google.firebase:firebase-iid:9.4.0] AndroidManifest.xml:54:13-56:29
161-->[com.google.firebase:firebase-iid:9.4.0] AndroidManifest.xml:54:28-51
162                <action android:name="com.google.firebase.INSTANCE_ID_EVENT" />
162-->[com.google.firebase:firebase-iid:9.4.0] AndroidManifest.xml:55:17-80
162-->[com.google.firebase:firebase-iid:9.4.0] AndroidManifest.xml:55:25-77
163            </intent-filter>
164        </service>
165
166        <provider
166-->[com.google.firebase:firebase-common:9.4.0] AndroidManifest.xml:7:9-11:39
167            android:name="com.google.firebase.provider.FirebaseInitProvider"
167-->[com.google.firebase:firebase-common:9.4.0] AndroidManifest.xml:9:13-58
168            android:authorities="com.parse.starter.firebaseinitprovider"
168-->[com.google.firebase:firebase-common:9.4.0] AndroidManifest.xml:8:13-72
169            android:exported="false"
169-->[com.google.firebase:firebase-common:9.4.0] AndroidManifest.xml:10:13-37
170            android:initOrder="100" />
170-->[com.google.firebase:firebase-common:9.4.0] AndroidManifest.xml:11:13-36
171
172        <meta-data
172-->[com.google.android.gms:play-services-basement:9.4.0] AndroidManifest.xml:21:9-23:69
173            android:name="com.google.android.gms.version"
173-->[com.google.android.gms:play-services-basement:9.4.0] AndroidManifest.xml:22:13-58
174            android:value="@integer/google_play_services_version" />
174-->[com.google.android.gms:play-services-basement:9.4.0] AndroidManifest.xml:23:13-66
175    </application>
176
177</manifest>